# JRE version: OpenJDK Runtime Environment (11.0.13) (build 11.0.13+0-b1751.21-8125866)
# Java VM: OpenJDK 64-Bit Server VM (11.0.13+0-b1751.21-8125866, mixed mode, tiered, compressed oops, g1 gc, windows-amd64)
Heap:
 garbage-first heap   total 187392K, used 102899K [0x0000000080000000, 0x0000000100000000)
  region size 1024K, 37 young (37888K), 8 survivors (8192K)
 Metaspace       used 84100K, capacity 85868K, committed 86068K, reserved 1124352K
  class space    used 10797K, capacity 11457K, committed 11612K, reserved 1048576K
GC Heap History (20 events):
Event: 7.242 GC heap before
{Heap before GC invocations=6 (full 0):
 garbage-first heap   total 129024K, used 66564K [0x0000000080000000, 0x0000000100000000)
  region size 1024K, 50 young (51200K), 2 survivors (2048K)
 Metaspace       used 26103K, capacity 26701K, committed 27008K, reserved 1073152K
  class space    used 3383K, capacity 3595K, committed 3712K, reserved 1048576K
}
Event: 7.256 GC heap after
{Heap after GC invocations=7 (full 0):
 garbage-first heap   total 129024K, used 19310K [0x0000000080000000, 0x0000000100000000)
  region size 1024K, 3 young (3072K), 3 survivors (3072K)
 Metaspace       used 26103K, capacity 26701K, committed 27008K, reserved 1073152K
  class space    used 3383K, capacity 3595K, committed 3712K, reserved 1048576K
}
Event: 9.829 GC heap before
{Heap before GC invocations=8 (full 0):
 garbage-first heap   total 129024K, used 82798K [0x0000000080000000, 0x0000000100000000)
  region size 1024K, 65 young (66560K), 3 survivors (3072K)
 Metaspace       used 35353K, capacity 36209K, committed 36480K, reserved 1081344K
  class space    used 4540K, capacity 4873K, committed 4992K, reserved 1048576K
}
Event: 9.845 GC heap after
{Heap after GC invocations=9 (full 0):
 garbage-first heap   total 155648K, used 23060K [0x0000000080000000, 0x0000000100000000)
  region size 1024K, 7 young (7168K), 7 survivors (7168K)
 Metaspace       used 35353K, capacity 36209K, committed 36480K, reserved 1081344K
  class space    used 4540K, capacity 4873K, committed 4992K, reserved 1048576K
}
Event: 11.920 GC heap before
{Heap before GC invocations=9 (full 0):
 garbage-first heap   total 155648K, used 97812K [0x0000000080000000, 0x0000000100000000)
  region size 1024K, 78 young (79872K), 7 survivors (7168K)
 Metaspace       used 41187K, capacity 42118K, committed 42240K, reserved 1085440K
  class space    used 5203K, capacity 5556K, committed 5632K, reserved 1048576K
}
Event: 11.951 GC heap after
{Heap after GC invocations=10 (full 0):
 garbage-first heap   total 155648K, used 28842K [0x0000000080000000, 0x0000000100000000)
  region size 1024K, 10 young (10240K), 10 survivors (10240K)
 Metaspace       used 41187K, capacity 42118K, committed 42240K, reserved 1085440K
  class space    used 5203K, capacity 5556K, committed 5632K, reserved 1048576K
}
Event: 12.994 GC heap before
{Heap before GC invocations=10 (full 0):
 garbage-first heap   total 155648K, used 53418K [0x0000000080000000, 0x0000000100000000)
  region size 1024K, 34 young (34816K), 10 survivors (10240K)
 Metaspace       used 43974K, capacity 44980K, committed 45016K, reserved 1089536K
  class space    used 5507K, capacity 5884K, committed 5888K, reserved 1048576K
}
Event: 13.020 GC heap after
{Heap after GC invocations=11 (full 0):
 garbage-first heap   total 155648K, used 29015K [0x0000000080000000, 0x0000000100000000)
  region size 1024K, 6 young (6144K), 6 survivors (6144K)
 Metaspace       used 43974K, capacity 44980K, committed 45016K, reserved 1089536K
  class space    used 5507K, capacity 5884K, committed 5888K, reserved 1048576K
}
Event: 15.295 GC heap before
{Heap before GC invocations=12 (full 0):
 garbage-first heap   total 155648K, used 109911K [0x0000000080000000, 0x0000000100000000)
  region size 1024K, 85 young (87040K), 6 survivors (6144K)
 Metaspace       used 48584K, capacity 49812K, committed 49880K, reserved 1093632K
  class space    used 6127K, capacity 6597K, committed 6656K, reserved 1048576K
}
Event: 15.321 GC heap after
{Heap after GC invocations=13 (full 0):
 garbage-first heap   total 155648K, used 35447K [0x0000000080000000, 0x0000000100000000)
  region size 1024K, 7 young (7168K), 7 survivors (7168K)
 Metaspace       used 48584K, capacity 49812K, committed 49880K, reserved 1093632K
  class space    used 6127K, capacity 6597K, committed 6656K, reserved 1048576K
}
Event: 17.383 GC heap before
{Heap before GC invocations=13 (full 0):
 garbage-first heap   total 155648K, used 124535K [0x0000000080000000, 0x0000000100000000)
  region size 1024K, 85 young (87040K), 7 survivors (7168K)
 Metaspace       used 57506K, capacity 58873K, committed 59224K, reserved 1101824K
  class space    used 7166K, capacity 7705K, committed 7808K, reserved 1048576K
}
Event: 17.408 GC heap after
{Heap after GC invocations=14 (full 0):
 garbage-first heap   total 187392K, used 55296K [0x0000000080000000, 0x0000000100000000)
  region size 1024K, 10 young (10240K), 10 survivors (10240K)
 Metaspace       used 57506K, capacity 58873K, committed 59224K, reserved 1101824K
  class space    used 7166K, capacity 7705K, committed 7808K, reserved 1048576K
}
Event: 19.732 GC heap before
{Heap before GC invocations=14 (full 0):
 garbage-first heap   total 187392K, used 143360K [0x0000000080000000, 0x0000000100000000)
  region size 1024K, 90 young (92160K), 10 survivors (10240K)
 Metaspace       used 65136K, capacity 66691K, committed 66904K, reserved 1107968K
  class space    used 8115K, capacity 8720K, committed 8832K, reserved 1048576K
}
Event: 19.754 GC heap after
{Heap after GC invocations=15 (full 0):
 garbage-first heap   total 187392K, used 61753K [0x0000000080000000, 0x0000000100000000)
  region size 1024K, 7 young (7168K), 7 survivors (7168K)
 Metaspace       used 65136K, capacity 66691K, committed 66904K, reserved 1107968K
  class space    used 8115K, capacity 8720K, committed 8832K, reserved 1048576K
}
Event: 22.229 GC heap before
{Heap before GC invocations=15 (full 0):
 garbage-first heap   total 187392K, used 143673K [0x0000000080000000, 0x0000000100000000)
  region size 1024K, 86 young (88064K), 7 survivors (7168K)
 Metaspace       used 69189K, capacity 70799K, committed 71000K, reserved 1112064K
  class space    used 8648K, capacity 9247K, committed 9344K, reserved 1048576K
}
Event: 22.264 GC heap after
{Heap after GC invocations=16 (full 0):
 garbage-first heap   total 187392K, used 66876K [0x0000000080000000, 0x0000000100000000)
  region size 1024K, 6 young (6144K), 6 survivors (6144K)
 Metaspace       used 69189K, capacity 70799K, committed 71000K, reserved 1112064K
  class space    used 8648K, capacity 9247K, committed 9344K, reserved 1048576K
}
Event: 23.701 GC heap before
{Heap before GC invocations=16 (full 0):
 garbage-first heap   total 187392K, used 104764K [0x0000000080000000, 0x0000000100000000)
  region size 1024K, 44 young (45056K), 6 survivors (6144K)
 Metaspace       used 73602K, capacity 75165K, committed 75224K, reserved 1114112K
  class space    used 9354K, capacity 9956K, committed 9984K, reserved 1048576K
}
Event: 23.725 GC heap after
{Heap after GC invocations=17 (full 0):
 garbage-first heap   total 187392K, used 69135K [0x0000000080000000, 0x0000000100000000)
  region size 1024K, 8 young (8192K), 8 survivors (8192K)
 Metaspace       used 73602K, capacity 75165K, committed 75224K, reserved 1114112K
  class space    used 9354K, capacity 9956K, committed 9984K, reserved 1048576K
}
Event: 28.417 GC heap before
{Heap before GC invocations=18 (full 0):
 garbage-first heap   total 187392K, used 149007K [0x0000000080000000, 0x0000000100000000)
  region size 1024K, 86 young (88064K), 8 survivors (8192K)
 Metaspace       used 80631K, capacity 82345K, committed 82740K, reserved 1120256K
  class space    used 10327K, capacity 10956K, committed 11100K, reserved 1048576K
}
Event: 28.446 GC heap after
{Heap after GC invocations=19 (full 0):
 garbage-first heap   total 187392K, used 74227K [0x0000000080000000, 0x0000000100000000)
  region size 1024K, 8 young (8192K), 8 survivors (8192K)
 Metaspace       used 80631K, capacity 82345K, committed 82740K, reserved 1120256K
  class space    used 10327K, capacity 10956K, committed 11100K, reserved 1048576K
}

