# JRE version: OpenJDK Runtime Environment (11.0.13) (build 11.0.13+0-b1751.21-8125866)
# Java VM: OpenJDK 64-Bit Server VM (11.0.13+0-b1751.21-8125866, mixed mode, tiered, compressed oops, g1 gc, windows-amd64)
Heap:
 garbage-first heap   total 225280K, used 220134K [0x0000000080000000, 0x0000000100000000)
  region size 1024K, 6 young (6144K), 1 survivors (1024K)
 Metaspace       used 117281K, capacity 120273K, committed 120496K, reserved 1155072K
  class space    used 14490K, capacity 15589K, committed 15616K, reserved 1048576K
GC Heap History (20 events):
Event: 426.394 GC heap before
{Heap before GC invocations=94 (full 0):
 garbage-first heap   total 225280K, used 189498K [0x0000000080000000, 0x0000000100000000)
  region size 1024K, 11 young (11264K), 3 survivors (3072K)
 Metaspace       used 116031K, capacity 119047K, committed 119216K, reserved 1153024K
  class space    used 14401K, capacity 15501K, committed 15616K, reserved 1048576K
}
Event: 426.430 GC heap after
{Heap after GC invocations=95 (full 0):
 garbage-first heap   total 225280K, used 186368K [0x0000000080000000, 0x0000000100000000)
  region size 1024K, 2 young (2048K), 2 survivors (2048K)
 Metaspace       used 116031K, capacity 119047K, committed 119216K, reserved 1153024K
  class space    used 14401K, capacity 15501K, committed 15616K, reserved 1048576K
}
Event: 427.471 GC heap before
{Heap before GC invocations=95 (full 0):
 garbage-first heap   total 225280K, used 195584K [0x0000000080000000, 0x0000000100000000)
  region size 1024K, 11 young (11264K), 2 survivors (2048K)
 Metaspace       used 116407K, capacity 119352K, committed 119472K, reserved 1153024K
  class space    used 14444K, capacity 15537K, committed 15616K, reserved 1048576K
}
Event: 427.485 GC heap after
{Heap after GC invocations=96 (full 0):
 garbage-first heap   total 225280K, used 189187K [0x0000000080000000, 0x0000000100000000)
  region size 1024K, 2 young (2048K), 2 survivors (2048K)
 Metaspace       used 116407K, capacity 119352K, committed 119472K, reserved 1153024K
  class space    used 14444K, capacity 15537K, committed 15616K, reserved 1048576K
}
Event: 428.502 GC heap before
{Heap before GC invocations=97 (full 0):
 garbage-first heap   total 225280K, used 198403K [0x0000000080000000, 0x0000000100000000)
  region size 1024K, 11 young (11264K), 2 survivors (2048K)
 Metaspace       used 116510K, capacity 119480K, committed 119728K, reserved 1153024K
  class space    used 14444K, capacity 15537K, committed 15616K, reserved 1048576K
}
Event: 428.512 GC heap after
{Heap after GC invocations=98 (full 0):
 garbage-first heap   total 225280K, used 190056K [0x0000000080000000, 0x0000000100000000)
  region size 1024K, 1 young (1024K), 1 survivors (1024K)
 Metaspace       used 116510K, capacity 119480K, committed 119728K, reserved 1153024K
  class space    used 14444K, capacity 15537K, committed 15616K, reserved 1048576K
}
Event: 429.409 GC heap before
{Heap before GC invocations=98 (full 0):
 garbage-first heap   total 225280K, used 199272K [0x0000000080000000, 0x0000000100000000)
  region size 1024K, 11 young (11264K), 1 survivors (1024K)
 Metaspace       used 116565K, capacity 119480K, committed 119728K, reserved 1153024K
  class space    used 14444K, capacity 15537K, committed 15616K, reserved 1048576K
}
Event: 429.427 GC heap after
{Heap after GC invocations=99 (full 0):
 garbage-first heap   total 225280K, used 192500K [0x0000000080000000, 0x0000000100000000)
  region size 1024K, 2 young (2048K), 2 survivors (2048K)
 Metaspace       used 116565K, capacity 119480K, committed 119728K, reserved 1153024K
  class space    used 14444K, capacity 15537K, committed 15616K, reserved 1048576K
}
Event: 430.099 GC heap before
{Heap before GC invocations=99 (full 0):
 garbage-first heap   total 225280K, used 201716K [0x0000000080000000, 0x0000000100000000)
  region size 1024K, 11 young (11264K), 2 survivors (2048K)
 Metaspace       used 116583K, capacity 119480K, committed 119728K, reserved 1153024K
  class space    used 14444K, capacity 15537K, committed 15616K, reserved 1048576K
}
Event: 430.113 GC heap after
{Heap after GC invocations=100 (full 0):
 garbage-first heap   total 225280K, used 194861K [0x0000000080000000, 0x0000000100000000)
  region size 1024K, 2 young (2048K), 2 survivors (2048K)
 Metaspace       used 116583K, capacity 119480K, committed 119728K, reserved 1153024K
  class space    used 14444K, capacity 15537K, committed 15616K, reserved 1048576K
}
Event: 431.361 GC heap before
{Heap before GC invocations=101 (full 0):
 garbage-first heap   total 225280K, used 206125K [0x0000000080000000, 0x0000000100000000)
  region size 1024K, 11 young (11264K), 2 survivors (2048K)
 Metaspace       used 116592K, capacity 119544K, committed 119728K, reserved 1153024K
  class space    used 14444K, capacity 15537K, committed 15616K, reserved 1048576K
}
Event: 431.375 GC heap after
{Heap after GC invocations=102 (full 0):
 garbage-first heap   total 225280K, used 200214K [0x0000000080000000, 0x0000000100000000)
  region size 1024K, 2 young (2048K), 2 survivors (2048K)
 Metaspace       used 116592K, capacity 119544K, committed 119728K, reserved 1153024K
  class space    used 14444K, capacity 15537K, committed 15616K, reserved 1048576K
}
Event: 431.916 GC heap before
{Heap before GC invocations=102 (full 0):
 garbage-first heap   total 225280K, used 209430K [0x0000000080000000, 0x0000000100000000)
  region size 1024K, 11 young (11264K), 2 survivors (2048K)
 Metaspace       used 116604K, capacity 119544K, committed 119728K, reserved 1153024K
  class space    used 14444K, capacity 15537K, committed 15616K, reserved 1048576K
}
Event: 431.939 GC heap after
{Heap after GC invocations=103 (full 0):
 garbage-first heap   total 225280K, used 203960K [0x0000000080000000, 0x0000000100000000)
  region size 1024K, 2 young (2048K), 2 survivors (2048K)
 Metaspace       used 116604K, capacity 119544K, committed 119728K, reserved 1153024K
  class space    used 14444K, capacity 15537K, committed 15616K, reserved 1048576K
}
Event: 432.523 GC heap before
{Heap before GC invocations=103 (full 0):
 garbage-first heap   total 225280K, used 213176K [0x0000000080000000, 0x0000000100000000)
  region size 1024K, 11 young (11264K), 2 survivors (2048K)
 Metaspace       used 116682K, capacity 119608K, committed 119728K, reserved 1153024K
  class space    used 14444K, capacity 15537K, committed 15616K, reserved 1048576K
}
Event: 432.549 GC heap after
{Heap after GC invocations=104 (full 0):
 garbage-first heap   total 225280K, used 207342K [0x0000000080000000, 0x0000000100000000)
  region size 1024K, 2 young (2048K), 2 survivors (2048K)
 Metaspace       used 116682K, capacity 119608K, committed 119728K, reserved 1153024K
  class space    used 14444K, capacity 15537K, committed 15616K, reserved 1048576K
}
Event: 433.257 GC heap before
{Heap before GC invocations=104 (full 0):
 garbage-first heap   total 225280K, used 216558K [0x0000000080000000, 0x0000000100000000)
  region size 1024K, 11 young (11264K), 2 survivors (2048K)
 Metaspace       used 116865K, capacity 119865K, committed 119984K, reserved 1153024K
  class space    used 14451K, capacity 15537K, committed 15616K, reserved 1048576K
}
Event: 433.271 GC heap after
{Heap after GC invocations=105 (full 0):
 garbage-first heap   total 225280K, used 209920K [0x0000000080000000, 0x0000000100000000)
  region size 1024K, 2 young (2048K), 2 survivors (2048K)
 Metaspace       used 116865K, capacity 119865K, committed 119984K, reserved 1153024K
  class space    used 14451K, capacity 15537K, committed 15616K, reserved 1048576K
}
Event: 433.973 GC heap before
{Heap before GC invocations=106 (full 0):
 garbage-first heap   total 225280K, used 219136K [0x0000000080000000, 0x0000000100000000)
  region size 1024K, 11 young (11264K), 2 survivors (2048K)
 Metaspace       used 117145K, capacity 120145K, committed 120240K, reserved 1155072K
  class space    used 14481K, capacity 15589K, committed 15616K, reserved 1048576K
}
Event: 433.983 GC heap after
{Heap after GC invocations=107 (full 0):
 garbage-first heap   total 225280K, used 210918K [0x0000000080000000, 0x0000000100000000)
  region size 1024K, 1 young (1024K), 1 survivors (1024K)
 Metaspace       used 117145K, capacity 120145K, committed 120240K, reserved 1155072K
  class space    used 14481K, capacity 15589K, committed 15616K, reserved 1048576K
}

